TN:
SF:src/polyfills.ts
FNF:0
FNH:0
LF:0
LH:0
BRF:0
BRH:0
end_of_record
TN:
SF:src/test.ts
FNF:0
FNH:0
DA:18,1
DA:23,1
DA:25,1
LF:3
LH:3
BRF:0
BRH:0
end_of_record
TN:
SF:src/app/app.component.ts
FNF:0
FNH:0
DA:8,1
DA:9,0
DA:10,1
LF:3
LH:2
BRF:0
BRH:0
end_of_record
TN:
SF:src/app/api-mocked/items.json.ts
FNF:0
FNH:0
DA:1,1
LF:1
LH:1
BRF:0
BRH:0
end_of_record
TN:
SF:src/app/components/item-card/item-card.component.ts
FN:17,ItemCardComponent
FN:21,(anonymous_2)
FN:26,(anonymous_3)
FNF:3
FNH:0
FNDA:0,ItemCardComponent
FNDA:0,(anonymous_2)
FNDA:0,(anonymous_3)
DA:12,1
DA:15,0
DA:17,0
DA:18,0
DA:21,1
DA:22,0
DA:23,0
DA:26,1
DA:27,0
DA:29,1
LF:10
LH:4
BRF:0
BRH:0
end_of_record
TN:
SF:src/app/components/item-favorite-modal/item-favorite-modal.component.ts
FN:22,ItemFavoriteModalComponent
FN:26,(anonymous_2)
FN:29,(anonymous_3)
FN:37,(anonymous_4)
FN:42,(anonymous_5)
FNF:5
FNH:0
FNDA:0,ItemFavoriteModalComponent
FNDA:0,(anonymous_2)
FNDA:0,(anonymous_3)
FNDA:0,(anonymous_4)
FNDA:0,(anonymous_5)
DA:14,1
DA:16,0
DA:19,0
DA:20,0
DA:22,0
DA:23,0
DA:26,1
DA:27,0
DA:30,0
DA:31,0
DA:34,0
DA:37,1
DA:38,0
DA:39,0
DA:42,1
DA:43,0
DA:45,1
LF:17
LH:5
BRF:0
BRH:0
end_of_record
TN:
SF:src/app/components/item-search/item-search.component.ts
FN:11,(anonymous_2)
FN:19,(anonymous_3)
FNF:2
FNH:0
FNDA:0,(anonymous_2)
FNDA:0,(anonymous_3)
DA:10,1
DA:11,1
DA:12,0
DA:15,0
DA:17,0
DA:19,1
DA:20,0
DA:22,1
LF:8
LH:4
BRDA:12,0,0,0
BRDA:12,0,1,0
BRDA:12,1,0,0
BRDA:12,1,1,0
BRF:4
BRH:0
end_of_record
TN:
SF:src/app/components/item-sort/item-sort.component.ts
FN:23,(anonymous_2)
FN:16,(anonymous_3)
FN:29,(anonymous_4)
FN:33,(anonymous_5)
FNF:4
FNH:0
FNDA:0,(anonymous_2)
FNDA:0,(anonymous_3)
FNDA:0,(anonymous_4)
FNDA:0,(anonymous_5)
DA:9,1
DA:11,0
DA:12,0
DA:14,0
DA:16,1
DA:17,0
DA:18,0
DA:19,0
DA:24,0
DA:27,0
DA:29,1
DA:30,0
DA:33,1
DA:34,0
DA:35,0
DA:41,1
LF:16
LH:5
BRDA:17,0,0,0
BRDA:17,0,1,0
BRDA:30,1,0,0
BRDA:30,1,1,0
BRF:4
BRH:0
end_of_record
TN:
SF:src/app/components/no-items-message/no-items-message.component.ts
FNF:0
FNH:0
DA:9,1
DA:10,0
DA:11,1
LF:3
LH:2
BRF:0
BRH:0
end_of_record
TN:
SF:src/app/models/item-search-model/item-search.model.ts
FN:5,(anonymous_0)
FN:9,(anonymous_1)
FNF:2
FNH:2
FNDA:1,(anonymous_0)
FNDA:1,(anonymous_1)
DA:5,1
DA:6,1
DA:9,1
DA:10,1
DA:11,1
LF:5
LH:5
BRDA:5,0,0,1
BRDA:5,0,1,1
BRDA:9,1,0,1
BRDA:9,1,1,1
BRF:4
BRH:4
end_of_record
TN:
SF:src/app/models/item-sort-model/item-sort-model.ts
FN:49,(anonymous_0)
FN:54,(anonymous_1)
FNF:2
FNH:2
FNDA:1,(anonymous_0)
FNDA:1,(anonymous_1)
DA:11,1
DA:16,1
DA:22,1
DA:49,1
DA:50,1
DA:51,1
DA:54,1
DA:55,1
DA:56,1
DA:57,1
DA:58,1
DA:62,1
LF:12
LH:12
BRDA:49,0,0,1
BRDA:49,0,1,1
BRDA:54,1,0,1
BRDA:54,1,1,1
BRF:4
BRH:4
end_of_record
TN:
SF:src/app/models/no-items-message/no-items-message.model.ts
FNF:0
FNH:0
DA:1,1
LF:1
LH:1
BRF:0
BRH:0
end_of_record
TN:
SF:src/app/pipes/filter-by-favorites/filter-by-favorites.pipe.ts
FN:9,(anonymous_2)
FN:10,(anonymous_3)
FNF:2
FNH:0
FNDA:0,(anonymous_2)
FNDA:0,(anonymous_3)
DA:7,1
DA:9,1
DA:10,0
DA:12,1
LF:4
LH:3
BRF:0
BRH:0
end_of_record
TN:
SF:src/app/pipes/filter-search/filter-search.pipe.ts
FN:8,(anonymous_2)
FN:9,(anonymous_3)
FN:10,(anonymous_4)
FN:15,(anonymous_5)
FN:17,(anonymous_6)
FNF:5
FNH:0
FNDA:0,(anonymous_2)
FNDA:0,(anonymous_3)
FNDA:0,(anonymous_4)
FNDA:0,(anonymous_5)
FNDA:0,(anonymous_6)
DA:6,1
DA:8,1
DA:9,0
DA:10,0
DA:11,0
DA:15,1
DA:16,0
DA:17,0
DA:19,1
LF:9
LH:4
BRDA:9,0,0,0
BRDA:9,0,1,0
BRDA:17,1,0,0
BRDA:17,1,1,0
BRDA:17,2,0,0
BRDA:17,2,1,0
BRF:6
BRH:0
end_of_record
TN:
SF:src/app/pipes/order-by/order-by.pipe.ts
FN:8,(anonymous_2)
FN:19,(anonymous_3)
FN:20,(anonymous_4)
FN:31,(anonymous_5)
FN:32,(anonymous_6)
FNF:5
FNH:0
FNDA:0,(anonymous_2)
FNDA:0,(anonymous_3)
FNDA:0,(anonymous_4)
FNDA:0,(anonymous_5)
FNDA:0,(anonymous_6)
DA:6,1
DA:8,1
DA:11,0
DA:12,0
DA:14,0
DA:16,0
DA:19,1
DA:20,0
DA:21,0
DA:22,0
DA:23,0
DA:24,0
DA:26,0
DA:31,1
DA:32,0
DA:34,1
LF:16
LH:5
BRDA:8,0,0,0
BRDA:8,0,1,0
BRDA:8,1,0,0
BRDA:8,1,1,0
BRDA:11,2,0,0
BRDA:11,2,1,0
BRDA:16,3,0,0
BRDA:16,3,1,0
BRDA:21,4,0,0
BRDA:21,4,1,0
BRDA:23,5,0,0
BRDA:23,5,1,0
BRF:12
BRH:0
end_of_record
TN:
SF:src/app/pipes/pure-slice/pure-slice.pipe.ts
FN:7,(anonymous_2)
FNF:1
FNH:0
FNDA:0,(anonymous_2)
DA:6,1
DA:7,1
DA:8,0
DA:10,1
LF:4
LH:3
BRF:0
BRH:0
end_of_record
TN:
SF:src/app/services/favorite-items.service.ts
FN:11,(anonymous_2)
FNF:1
FNH:0
FNDA:0,(anonymous_2)
DA:8,1
DA:9,0
DA:11,1
DA:12,0
DA:14,1
LF:5
LH:3
BRF:0
BRH:0
end_of_record
TN:
SF:src/app/services/item-manager.service.ts
FN:10,ItemManagerService
FN:13,(anonymous_2)
FN:17,(anonymous_3)
FNF:3
FNH:0
FNDA:0,ItemManagerService
FNDA:0,(anonymous_2)
FNDA:0,(anonymous_3)
DA:9,1
DA:13,1
DA:14,0
DA:18,0
DA:19,0
DA:23,1
LF:6
LH:3
BRF:0
BRH:0
end_of_record
TN:
SF:src/app/services/utils-service.service.ts
FN:8,(anonymous_2)
FNF:1
FNH:1
FNDA:4,(anonymous_2)
DA:6,1
DA:8,1
DA:9,4
DA:10,1
DA:12,3
DA:15,1
LF:6
LH:6
BRDA:9,0,0,1
BRDA:9,0,1,3
BRDA:12,1,0,3
BRDA:12,1,1,0
BRDA:12,2,0,3
BRDA:12,2,1,2
BRF:6
BRH:5
end_of_record
TN:
SF:src/app/services/resolvers/home.resolver.ts
FN:8,HomeResolver
FN:11,(anonymous_2)
FNF:2
FNH:0
FNDA:0,HomeResolver
FNDA:0,(anonymous_2)
DA:7,1
DA:8,0
DA:11,1
DA:12,0
DA:14,1
LF:5
LH:3
BRF:0
BRH:0
end_of_record
TN:
SF:src/app/views/home/home.component.ts
FN:29,HomeComponent
FN:35,(anonymous_2)
FN:39,(anonymous_3)
FN:46,(anonymous_4)
FN:51,(anonymous_5)
FN:52,(anonymous_6)
FN:57,(anonymous_7)
FN:59,(anonymous_8)
FN:65,(anonymous_9)
FN:70,(anonymous_10)
FN:76,(anonymous_11)
FN:84,(anonymous_12)
FNF:12
FNH:0
FNDA:0,HomeComponent
FNDA:0,(anonymous_2)
FNDA:0,(anonymous_3)
FNDA:0,(anonymous_4)
FNDA:0,(anonymous_5)
FNDA:0,(anonymous_6)
FNDA:0,(anonymous_7)
FNDA:0,(anonymous_8)
FNDA:0,(anonymous_9)
FNDA:0,(anonymous_10)
FNDA:0,(anonymous_11)
FNDA:0,(anonymous_12)
DA:18,1
DA:22,0
DA:23,0
DA:24,0
DA:25,0
DA:27,0
DA:29,0
DA:30,0
DA:31,0
DA:32,0
DA:35,1
DA:36,0
DA:37,0
DA:39,0
DA:40,0
DA:41,0
DA:42,0
DA:46,1
DA:47,0
DA:48,0
DA:51,1
DA:52,0
DA:53,0
DA:57,1
DA:58,0
DA:59,0
DA:60,0
DA:61,0
DA:65,1
DA:66,0
DA:67,0
DA:68,0
DA:70,0
DA:71,0
DA:76,1
DA:77,0
DA:78,0
DA:79,0
DA:84,1
DA:85,0
DA:92,1
LF:41
LH:9
BRF:0
BRH:0
end_of_record
