TN:
SF:src/polyfills.ts
FNF:0
FNH:0
LF:0
LH:0
BRF:0
BRH:0
end_of_record
TN:
SF:src/test.ts
FNF:0
FNH:0
DA:18,1
DA:23,1
DA:25,1
LF:3
LH:3
BRF:0
BRH:0
end_of_record
TN:
SF:src/app/app.component.ts
FNF:0
FNH:0
DA:8,1
DA:9,2
DA:10,1
LF:3
LH:3
BRF:0
BRH:0
end_of_record
TN:
SF:src/app/api-mocked/items.json.ts
FNF:0
FNH:0
DA:1,1
LF:1
LH:1
BRF:0
BRH:0
end_of_record
TN:
SF:src/app/components/item-card/item-card.component.ts
FN:17,ItemCardComponent
FN:21,(anonymous_2)
FN:26,(anonymous_3)
FNF:3
FNH:3
FNDA:18,ItemCardComponent
FNDA:1,(anonymous_2)
FNDA:1,(anonymous_3)
DA:12,1
DA:15,18
DA:17,18
DA:18,18
DA:21,1
DA:22,1
DA:23,1
DA:26,1
DA:27,1
DA:29,1
LF:10
LH:10
BRF:0
BRH:0
end_of_record
TN:
SF:src/app/components/item-favorite-modal/item-favorite-modal.component.ts
FN:22,ItemFavoriteModalComponent
FN:26,(anonymous_2)
FN:29,(anonymous_3)
FN:37,(anonymous_4)
FN:42,(anonymous_5)
FNF:5
FNH:5
FNDA:5,ItemFavoriteModalComponent
FNDA:5,(anonymous_2)
FNDA:5,(anonymous_3)
FNDA:10,(anonymous_4)
FNDA:1,(anonymous_5)
DA:14,1
DA:16,5
DA:19,5
DA:20,5
DA:22,5
DA:23,5
DA:26,5
DA:27,5
DA:30,5
DA:31,5
DA:34,5
DA:37,1
DA:38,10
DA:39,10
DA:42,1
DA:43,1
DA:45,1
LF:17
LH:17
BRF:0
BRH:0
end_of_record
TN:
SF:src/app/components/item-search/item-search.component.ts
FN:11,(anonymous_2)
FN:19,(anonymous_3)
FNF:2
FNH:2
FNDA:9,(anonymous_2)
FNDA:1,(anonymous_3)
DA:10,1
DA:11,1
DA:12,9
DA:15,22
DA:17,22
DA:19,1
DA:20,1
DA:22,1
LF:8
LH:8
BRDA:12,0,0,7
BRDA:12,0,1,2
BRDA:12,1,0,9
BRDA:12,1,1,7
BRF:4
BRH:4
end_of_record
TN:
SF:src/app/components/item-sort/item-sort.component.ts
FN:23,(anonymous_2)
FN:16,(anonymous_3)
FN:29,(anonymous_4)
FN:33,(anonymous_5)
FNF:4
FNH:4
FNDA:1,(anonymous_2)
FNDA:14,(anonymous_3)
FNDA:3,(anonymous_4)
FNDA:8,(anonymous_5)
DA:9,1
DA:11,26
DA:12,26
DA:14,26
DA:16,1
DA:17,14
DA:18,2
DA:19,2
DA:24,1
DA:27,26
DA:29,1
DA:30,3
DA:33,1
DA:34,8
DA:35,8
DA:41,1
LF:16
LH:16
BRDA:17,0,0,2
BRDA:17,0,1,12
BRDA:30,1,0,3
BRDA:30,1,1,3
BRF:4
BRH:4
end_of_record
TN:
SF:src/app/components/no-items-message/no-items-message.component.ts
FNF:0
FNH:0
DA:9,1
DA:10,2
DA:11,1
LF:3
LH:3
BRF:0
BRH:0
end_of_record
TN:
SF:src/app/models/item-search-model/item-search.model.ts
FN:5,(anonymous_0)
FN:9,(anonymous_1)
FNF:2
FNH:2
FNDA:1,(anonymous_0)
FNDA:1,(anonymous_1)
DA:5,1
DA:6,1
DA:9,1
DA:10,1
DA:11,1
LF:5
LH:5
BRDA:5,0,0,1
BRDA:5,0,1,1
BRDA:9,1,0,1
BRDA:9,1,1,1
BRF:4
BRH:4
end_of_record
TN:
SF:src/app/models/item-sort-model/item-sort-model.ts
FN:49,(anonymous_0)
FN:54,(anonymous_1)
FNF:2
FNH:2
FNDA:1,(anonymous_0)
FNDA:1,(anonymous_1)
DA:11,1
DA:16,1
DA:22,1
DA:49,1
DA:50,1
DA:51,1
DA:54,1
DA:55,1
DA:56,1
DA:57,1
DA:58,1
DA:62,1
LF:12
LH:12
BRDA:49,0,0,1
BRDA:49,0,1,1
BRDA:54,1,0,1
BRDA:54,1,1,1
BRF:4
BRH:4
end_of_record
TN:
SF:src/app/models/no-items-message/no-items-message.model.ts
FNF:0
FNH:0
DA:1,1
LF:1
LH:1
BRF:0
BRH:0
end_of_record
TN:
SF:src/app/pipes/filter-by-favorites/filter-by-favorites.pipe.ts
FN:9,(anonymous_2)
FN:10,(anonymous_3)
FNF:2
FNH:2
FNDA:7,(anonymous_2)
FNDA:7,(anonymous_3)
DA:7,1
DA:9,1
DA:10,7
DA:12,1
LF:4
LH:4
BRF:0
BRH:0
end_of_record
TN:
SF:src/app/pipes/filter-search/filter-search.pipe.ts
FN:8,(anonymous_2)
FN:9,(anonymous_3)
FN:10,(anonymous_4)
FN:15,(anonymous_5)
FN:17,(anonymous_6)
FNF:5
FNH:5
FNDA:10,(anonymous_2)
FNDA:13,(anonymous_3)
FNDA:22,(anonymous_4)
FNDA:44,(anonymous_5)
FNDA:17,(anonymous_6)
DA:6,1
DA:8,10
DA:9,10
DA:10,13
DA:11,22
DA:15,1
DA:16,44
DA:17,44
DA:19,1
LF:9
LH:9
BRDA:9,0,0,10
BRDA:9,0,1,1
BRDA:17,1,0,44
BRDA:17,1,1,7
BRDA:17,2,0,17
BRDA:17,2,1,8
BRF:6
BRH:6
end_of_record
TN:
SF:src/app/pipes/order-by/order-by.pipe.ts
FN:8,(anonymous_2)
FN:19,(anonymous_3)
FN:20,(anonymous_4)
FN:31,(anonymous_5)
FN:32,(anonymous_6)
FNF:5
FNH:5
FNDA:4,(anonymous_2)
FNDA:3,(anonymous_3)
FNDA:200,(anonymous_4)
FNDA:1,(anonymous_5)
FNDA:60,(anonymous_6)
DA:6,1
DA:8,4
DA:11,4
DA:12,3
DA:14,1
DA:16,4
DA:19,1
DA:20,3
DA:21,200
DA:22,84
DA:23,116
DA:24,96
DA:26,20
DA:31,1
DA:32,60
DA:34,1
LF:16
LH:16
BRDA:8,0,0,0
BRDA:8,0,1,4
BRDA:8,1,0,0
BRDA:8,1,1,4
BRDA:11,2,0,3
BRDA:11,2,1,1
BRDA:16,3,0,3
BRDA:16,3,1,1
BRDA:21,4,0,84
BRDA:21,4,1,116
BRDA:23,5,0,96
BRDA:23,5,1,20
BRF:12
BRH:10
end_of_record
TN:
SF:src/app/pipes/pure-slice/pure-slice.pipe.ts
FN:7,(anonymous_2)
FNF:1
FNH:1
FNDA:12,(anonymous_2)
DA:6,1
DA:7,1
DA:8,12
DA:10,1
LF:4
LH:4
BRF:0
BRH:0
end_of_record
TN:
SF:src/app/services/favorite-items.service.ts
FN:11,(anonymous_2)
FNF:1
FNH:1
FNDA:1,(anonymous_2)
DA:8,1
DA:9,13
DA:11,1
DA:12,1
DA:14,1
LF:5
LH:5
BRF:0
BRH:0
end_of_record
TN:
SF:src/app/services/item-manager.service.ts
FN:10,ItemManagerService
FN:13,(anonymous_2)
FN:17,(anonymous_3)
FNF:3
FNH:3
FNDA:2,ItemManagerService
FNDA:1,(anonymous_2)
FNDA:1,(anonymous_3)
DA:9,1
DA:13,1
DA:14,1
DA:18,1
DA:19,1
DA:23,1
LF:6
LH:6
BRF:0
BRH:0
end_of_record
TN:
SF:src/app/services/utils-service.service.ts
FN:8,(anonymous_2)
FNF:1
FNH:1
FNDA:3,(anonymous_2)
DA:6,1
DA:8,1
DA:9,3
DA:10,1
DA:12,2
DA:15,1
LF:6
LH:6
BRDA:9,0,0,1
BRDA:9,0,1,2
BRDA:12,1,0,2
BRDA:12,1,1,1
BRF:4
BRH:4
end_of_record
TN:
SF:src/app/services/resolvers/home.resolver.ts
FN:8,HomeResolver
FN:11,(anonymous_2)
FNF:2
FNH:2
FNDA:2,HomeResolver
FNDA:1,(anonymous_2)
DA:7,1
DA:8,2
DA:11,1
DA:12,1
DA:14,1
LF:5
LH:5
BRF:0
BRH:0
end_of_record
TN:
SF:src/app/views/home/home.component.ts
FN:29,HomeComponent
FN:35,(anonymous_2)
FN:39,(anonymous_3)
FN:46,(anonymous_4)
FN:51,(anonymous_5)
FN:52,(anonymous_6)
FN:57,(anonymous_7)
FN:59,(anonymous_8)
FN:65,(anonymous_9)
FN:70,(anonymous_10)
FN:76,(anonymous_11)
FN:84,(anonymous_12)
FNF:12
FNH:12
FNDA:11,HomeComponent
FNDA:11,(anonymous_2)
FNDA:11,(anonymous_3)
FNDA:22,(anonymous_4)
FNDA:11,(anonymous_5)
FNDA:44,(anonymous_6)
FNDA:2,(anonymous_7)
FNDA:2,(anonymous_8)
FNDA:3,(anonymous_9)
FNDA:3,(anonymous_10)
FNDA:2,(anonymous_11)
FNDA:1,(anonymous_12)
DA:18,1
DA:22,11
DA:23,11
DA:24,11
DA:25,11
DA:27,11
DA:29,11
DA:30,11
DA:31,11
DA:32,11
DA:35,11
DA:36,11
DA:37,11
DA:39,11
DA:40,11
DA:41,11
DA:42,11
DA:46,1
DA:47,22
DA:48,22
DA:51,11
DA:52,11
DA:53,44
DA:57,2
DA:58,2
DA:59,2
DA:60,2
DA:61,2
DA:65,3
DA:66,3
DA:67,3
DA:68,3
DA:70,3
DA:71,3
DA:76,1
DA:77,2
DA:78,2
DA:79,2
DA:84,1
DA:85,1
DA:92,1
LF:41
LH:41
BRF:0
BRH:0
end_of_record
